<?xml version="1.0" encoding="UTF-8"?>
<!-- Generated by org.testng.reporters.JUnitXMLReporter -->
<testsuite hostname="RSI1507" ignored="0" name="Default test" tests="2" failures="0" timestamp="2020-02-07T10:27:05 BRT" time="54.321" errors="0">
  <testcase name="testeDeBuscaPorTelaInicialFalha" time="18.733" classname="br.com.rsinet.hub_tdd.testes.BuscaHome"/>
  <testcase name="testeDeBuscaPorTelaInicialSucesso" time="12.756" classname="br.com.rsinet.hub_tdd.testes.BuscaHome"/>
</testsuite> <!-- Default test -->
