<?xml version="1.0" encoding="UTF-8"?>
<!-- Generated by org.testng.reporters.JUnitXMLReporter -->
<testsuite hostname="RSI1507" ignored="0" name="Default test" tests="2" failures="0" timestamp="2020-02-05T11:13:28 BRT" time="68.153" errors="0">
  <testcase name="testeDeBuscaPorTelaInicialFalha" time="22.355" classname="br.com.rsinet.hub_tdd.testes.BuscaHome"/>
  <testcase name="testeDeBuscaPorTelaInicialSucesso" time="15.499" classname="br.com.rsinet.hub_tdd.testes.BuscaHome"/>
</testsuite> <!-- Default test -->
