<?xml version="1.0" encoding="UTF-8"?>
<!-- Generated by org.testng.reporters.JUnitXMLReporter -->
<testsuite hostname="RSI1507" ignored="0" name="Default test" tests="2" failures="0" timestamp="2020-02-03T15:46:26 BRT" time="103.052" errors="0">
  <testcase name="testeDeCadastroFalha" time="36.739" classname="br.com.rsinet.hub_tdd.testes.Cadastro"/>
  <testcase name="testeDeCadastroSucesso" time="36.438" classname="br.com.rsinet.hub_tdd.testes.Cadastro"/>
</testsuite> <!-- Default test -->
