<?xml version="1.0" encoding="UTF-8"?>
<!-- Generated by org.testng.reporters.JUnitXMLReporter -->
<testsuite hostname="RSI1507" ignored="0" name="Default test" tests="2" failures="0" timestamp="2020-02-06T15:26:18 BRT" time="29.863" errors="0">
  <testcase name="testeDeBuscaPorLupaFalha" time="3.463" classname="br.com.rsinet.hub_tdd.testes.BuscaLupa"/>
  <testcase name="testeDeBuscaPorLupaSucesso" time="5.332" classname="br.com.rsinet.hub_tdd.testes.BuscaLupa"/>
</testsuite> <!-- Default test -->
