<?xml version="1.0" encoding="UTF-8"?>
<!-- Generated by org.testng.reporters.JUnitXMLReporter -->
<testsuite hostname="RSI1507" ignored="0" name="Suite de testes para projeto de automação em TDD" tests="6" failures="0" timestamp="2020-02-10T15:08:11 BRT" time="141.071" errors="0">
  <testcase name="testeDeCadastroFalha" time="10.938" classname="br.com.rsinet.hub_tdd.testes.Cadastro"/>
  <testcase name="testeDeCadastroSucesso" time="29.015" classname="br.com.rsinet.hub_tdd.testes.Cadastro"/>
  <testcase name="testeDeBuscaPorLupaFalha" time="4.127" classname="br.com.rsinet.hub_tdd.testes.BuscaLupa"/>
  <testcase name="testeDeBuscaPorLupaSucesso" time="5.128" classname="br.com.rsinet.hub_tdd.testes.BuscaLupa"/>
  <testcase name="testeDeBuscaPorTelaInicialFalha" time="16.695" classname="br.com.rsinet.hub_tdd.testes.BuscaHome"/>
  <testcase name="testeDeBuscaPorTelaInicialSucesso" time="13.263" classname="br.com.rsinet.hub_tdd.testes.BuscaHome"/>
</testsuite> <!-- Suite de testes para projeto de automação em TDD -->
