<?xml version="1.0" encoding="UTF-8"?>
<!-- Generated by org.testng.reporters.JUnitXMLReporter -->
<testsuite hostname="RSI1507" ignored="0" name="Teste de Cadastro" tests="2" failures="0" timestamp="2020-02-03T15:16:41 BRT" time="107.984" errors="0">
  <testcase name="testeDeCadastroFalha" time="36.907" classname="br.com.rsinet.hub_tdd.testes.Cadastro"/>
  <testcase name="testeDeCadastroSucesso" time="40.768" classname="br.com.rsinet.hub_tdd.testes.Cadastro"/>
</testsuite> <!-- Teste de Cadastro -->
