<?xml version="1.0" encoding="UTF-8"?>
<!-- Generated by org.testng.reporters.JUnitXMLReporter -->
<testsuite hostname="RSI1507" ignored="0" name="Teste de Cadastro" tests="2" failures="0" timestamp="2020-02-05T11:43:38 BRT" time="86.974" errors="0">
  <testcase name="testeDeCadastroFalha" time="15.508" classname="br.com.rsinet.hub_tdd.testes.Cadastro"/>
  <testcase name="testeDeCadastroSucesso" time="40.26" classname="br.com.rsinet.hub_tdd.testes.Cadastro"/>
</testsuite> <!-- Teste de Cadastro -->
