<?xml version="1.0" encoding="UTF-8"?>
<!-- Generated by org.testng.reporters.JUnitXMLReporter -->
<testsuite hostname="RSI1507" ignored="0" name="Teste de Busca por barra" tests="2" failures="0" timestamp="2020-02-05T11:44:17 BRT" time="38.602" errors="0">
  <testcase name="testeDeBuscaPorLupaFalha" time="4.945" classname="br.com.rsinet.hub_tdd.testes.BuscaLupa"/>
  <testcase name="testeDeBuscaPorLupaSucesso" time="7.616" classname="br.com.rsinet.hub_tdd.testes.BuscaLupa"/>
</testsuite> <!-- Teste de Busca por barra -->
