<?xml version="1.0" encoding="UTF-8"?>
<!-- Generated by org.testng.reporters.JUnitXMLReporter -->
<testsuite hostname="RSI1507" ignored="0" name="Teste de Busca por categoria" tests="2" failures="0" timestamp="2020-02-05T11:45:23 BRT" time="66.344" errors="0">
  <testcase name="testeDeBuscaPorTelaInicialFalha" time="22.948" classname="br.com.rsinet.hub_tdd.testes.BuscaHome"/>
  <testcase name="testeDeBuscaPorTelaInicialSucesso" time="15.715" classname="br.com.rsinet.hub_tdd.testes.BuscaHome"/>
</testsuite> <!-- Teste de Busca por categoria -->
