<?xml version="1.0" encoding="UTF-8"?>
<testng-results skipped="0" failed="0" ignored="0" total="6" passed="6">
  <reporter-output>
  </reporter-output>
  <suite name="Teste de automação em TDD com TestNG" duration-ms="201001" started-at="2020-02-10T14:21:31 BRT" finished-at="2020-02-10T14:24:52 BRT">
    <groups>
    </groups>
    <test name="Suite de testes para projeto de automação em TDD" duration-ms="201001" started-at="2020-02-10T14:21:31 BRT" finished-at="2020-02-10T14:24:52 BRT">
      <class name="br.com.rsinet.hub_tdd.testes.Cadastro">
        <test-method status="PASS" signature="extendReport()[pri:0, instance:br.com.rsinet.hub_tdd.testes.Cadastro@394e1a0f]" name="extendReport" is-config="true" duration-ms="0" started-at="2020-02-10T14:21:31 BRT" finished-at="2020-02-10T14:21:31 BRT">
          <reporter-output>
          </reporter-output>
        </test-method> <!-- extendReport -->
        <test-method status="PASS" signature="iniciaTeste()[pri:0, instance:br.com.rsinet.hub_tdd.testes.Cadastro@394e1a0f]" name="iniciaTeste" is-config="true" duration-ms="17156" started-at="2020-02-10T14:21:31 BRT" finished-at="2020-02-10T14:21:48 BRT">
          <reporter-output>
          </reporter-output>
        </test-method> <!-- iniciaTeste -->
        <test-method status="PASS" signature="testeDeCadastroFalha()[pri:0, instance:br.com.rsinet.hub_tdd.testes.Cadastro@394e1a0f]" name="testeDeCadastroFalha" duration-ms="16666" started-at="2020-02-10T14:21:48 BRT" finished-at="2020-02-10T14:22:05 BRT">
          <reporter-output>
          </reporter-output>
        </test-method> <!-- testeDeCadastroFalha -->
        <test-method status="PASS" signature="finalizaTeste(org.testng.ITestResult)[pri:0, instance:br.com.rsinet.hub_tdd.testes.Cadastro@394e1a0f]" name="finalizaTeste" is-config="true" duration-ms="1733" started-at="2020-02-10T14:22:05 BRT" finished-at="2020-02-10T14:22:06 BRT">
          <params>
            <param index="0">
              <value>
                <![CDATA[[TestResult name=testeDeCadastroFalha status=SUCCESS method=Cadastro.testeDeCadastroFalha()[pri:0, instance:br.com.rsinet.hub_tdd.testes.Cadastro@394e1a0f] output={null}]]]>
              </value>
            </param>
          </params>
          <reporter-output>
          </reporter-output>
        </test-method> <!-- finalizaTeste -->
        <test-method status="PASS" signature="iniciaTeste()[pri:0, instance:br.com.rsinet.hub_tdd.testes.Cadastro@394e1a0f]" name="iniciaTeste" is-config="true" duration-ms="13472" started-at="2020-02-10T14:22:06 BRT" finished-at="2020-02-10T14:22:20 BRT">
          <reporter-output>
          </reporter-output>
        </test-method> <!-- iniciaTeste -->
        <test-method status="PASS" signature="testeDeCadastroSucesso()[pri:0, instance:br.com.rsinet.hub_tdd.testes.Cadastro@394e1a0f]" name="testeDeCadastroSucesso" duration-ms="38838" started-at="2020-02-10T14:22:20 BRT" finished-at="2020-02-10T14:22:59 BRT">
          <reporter-output>
          </reporter-output>
        </test-method> <!-- testeDeCadastroSucesso -->
        <test-method status="PASS" signature="finalizaTeste(org.testng.ITestResult)[pri:0, instance:br.com.rsinet.hub_tdd.testes.Cadastro@394e1a0f]" name="finalizaTeste" is-config="true" duration-ms="2381" started-at="2020-02-10T14:22:59 BRT" finished-at="2020-02-10T14:23:01 BRT">
          <params>
            <param index="0">
              <value>
                <![CDATA[[TestResult name=testeDeCadastroSucesso status=SUCCESS method=Cadastro.testeDeCadastroSucesso()[pri:0, instance:br.com.rsinet.hub_tdd.testes.Cadastro@394e1a0f] output={null}]]]>
              </value>
            </param>
          </params>
          <reporter-output>
          </reporter-output>
        </test-method> <!-- finalizaTeste -->
        <test-method status="PASS" signature="finalizaExtendReport()[pri:0, instance:br.com.rsinet.hub_tdd.testes.Cadastro@394e1a0f]" name="finalizaExtendReport" is-config="true" duration-ms="65" started-at="2020-02-10T14:24:52 BRT" finished-at="2020-02-10T14:24:52 BRT">
          <reporter-output>
          </reporter-output>
        </test-method> <!-- finalizaExtendReport -->
      </class> <!-- br.com.rsinet.hub_tdd.testes.Cadastro -->
      <class name="br.com.rsinet.hub_tdd.testes.BuscaHome">
        <test-method status="PASS" signature="iniciaExtendReport()[pri:0, instance:br.com.rsinet.hub_tdd.testes.BuscaHome@1d29cf23]" name="iniciaExtendReport" is-config="true" duration-ms="88" started-at="2020-02-10T14:21:31 BRT" finished-at="2020-02-10T14:21:31 BRT">
          <reporter-output>
          </reporter-output>
        </test-method> <!-- iniciaExtendReport -->
        <test-method status="PASS" signature="iniciaTeste()[pri:0, instance:br.com.rsinet.hub_tdd.testes.BuscaHome@1d29cf23]" name="iniciaTeste" is-config="true" duration-ms="13177" started-at="2020-02-10T14:23:43 BRT" finished-at="2020-02-10T14:23:56 BRT">
          <reporter-output>
          </reporter-output>
        </test-method> <!-- iniciaTeste -->
        <test-method status="PASS" signature="testeDeBuscaPorTelaInicialFalha()[pri:0, instance:br.com.rsinet.hub_tdd.testes.BuscaHome@1d29cf23]" name="testeDeBuscaPorTelaInicialFalha" duration-ms="21162" started-at="2020-02-10T14:23:56 BRT" finished-at="2020-02-10T14:24:17 BRT">
          <reporter-output>
          </reporter-output>
        </test-method> <!-- testeDeBuscaPorTelaInicialFalha -->
        <test-method status="PASS" signature="finalizaTeste(org.testng.ITestResult)[pri:0, instance:br.com.rsinet.hub_tdd.testes.BuscaHome@1d29cf23]" name="finalizaTeste" is-config="true" duration-ms="2037" started-at="2020-02-10T14:24:17 BRT" finished-at="2020-02-10T14:24:19 BRT">
          <params>
            <param index="0">
              <value>
                <![CDATA[[TestResult name=testeDeBuscaPorTelaInicialFalha status=SUCCESS method=BuscaHome.testeDeBuscaPorTelaInicialFalha()[pri:0, instance:br.com.rsinet.hub_tdd.testes.BuscaHome@1d29cf23] output={null}]]]>
              </value>
            </param>
          </params>
          <reporter-output>
          </reporter-output>
        </test-method> <!-- finalizaTeste -->
        <test-method status="PASS" signature="iniciaTeste()[pri:0, instance:br.com.rsinet.hub_tdd.testes.BuscaHome@1d29cf23]" name="iniciaTeste" is-config="true" duration-ms="13763" started-at="2020-02-10T14:24:19 BRT" finished-at="2020-02-10T14:24:33 BRT">
          <reporter-output>
          </reporter-output>
        </test-method> <!-- iniciaTeste -->
        <test-method status="PASS" signature="testeDeBuscaPorTelaInicialSucesso()[pri:0, instance:br.com.rsinet.hub_tdd.testes.BuscaHome@1d29cf23]" name="testeDeBuscaPorTelaInicialSucesso" duration-ms="15668" started-at="2020-02-10T14:24:33 BRT" finished-at="2020-02-10T14:24:49 BRT">
          <reporter-output>
          </reporter-output>
        </test-method> <!-- testeDeBuscaPorTelaInicialSucesso -->
        <test-method status="PASS" signature="finalizaTeste(org.testng.ITestResult)[pri:0, instance:br.com.rsinet.hub_tdd.testes.BuscaHome@1d29cf23]" name="finalizaTeste" is-config="true" duration-ms="2344" started-at="2020-02-10T14:24:49 BRT" finished-at="2020-02-10T14:24:51 BRT">
          <params>
            <param index="0">
              <value>
                <![CDATA[[TestResult name=testeDeBuscaPorTelaInicialSucesso status=SUCCESS method=BuscaHome.testeDeBuscaPorTelaInicialSucesso()[pri:0, instance:br.com.rsinet.hub_tdd.testes.BuscaHome@1d29cf23] output={null}]]]>
              </value>
            </param>
          </params>
          <reporter-output>
          </reporter-output>
        </test-method> <!-- finalizaTeste -->
        <test-method status="PASS" signature="finalizaExtendReport()[pri:0, instance:br.com.rsinet.hub_tdd.testes.BuscaHome@1d29cf23]" name="finalizaExtendReport" is-config="true" duration-ms="269" started-at="2020-02-10T14:24:51 BRT" finished-at="2020-02-10T14:24:52 BRT">
          <reporter-output>
          </reporter-output>
        </test-method> <!-- finalizaExtendReport -->
      </class> <!-- br.com.rsinet.hub_tdd.testes.BuscaHome -->
      <class name="br.com.rsinet.hub_tdd.testes.BuscaLupa">
        <test-method status="PASS" signature="extendReport()[pri:0, instance:br.com.rsinet.hub_tdd.testes.BuscaLupa@27a5f880]" name="extendReport" is-config="true" duration-ms="1" started-at="2020-02-10T14:21:31 BRT" finished-at="2020-02-10T14:21:31 BRT">
          <reporter-output>
          </reporter-output>
        </test-method> <!-- extendReport -->
        <test-method status="PASS" signature="iniciaTeste()[pri:0, instance:br.com.rsinet.hub_tdd.testes.BuscaLupa@27a5f880]" name="iniciaTeste" is-config="true" duration-ms="13040" started-at="2020-02-10T14:23:01 BRT" finished-at="2020-02-10T14:23:14 BRT">
          <reporter-output>
          </reporter-output>
        </test-method> <!-- iniciaTeste -->
        <test-method status="PASS" signature="testeDeBuscaPorLupaFalha()[pri:0, instance:br.com.rsinet.hub_tdd.testes.BuscaLupa@27a5f880]" name="testeDeBuscaPorLupaFalha" duration-ms="4866" started-at="2020-02-10T14:23:14 BRT" finished-at="2020-02-10T14:23:19 BRT">
          <reporter-output>
          </reporter-output>
        </test-method> <!-- testeDeBuscaPorLupaFalha -->
        <test-method status="PASS" signature="finalizaTeste(org.testng.ITestResult)[pri:0, instance:br.com.rsinet.hub_tdd.testes.BuscaLupa@27a5f880]" name="finalizaTeste" is-config="true" duration-ms="1517" started-at="2020-02-10T14:23:19 BRT" finished-at="2020-02-10T14:23:20 BRT">
          <params>
            <param index="0">
              <value>
                <![CDATA[[TestResult name=testeDeBuscaPorLupaFalha status=SUCCESS method=BuscaLupa.testeDeBuscaPorLupaFalha()[pri:0, instance:br.com.rsinet.hub_tdd.testes.BuscaLupa@27a5f880] output={null}]]]>
              </value>
            </param>
          </params>
          <reporter-output>
          </reporter-output>
        </test-method> <!-- finalizaTeste -->
        <test-method status="PASS" signature="iniciaTeste()[pri:0, instance:br.com.rsinet.hub_tdd.testes.BuscaLupa@27a5f880]" name="iniciaTeste" is-config="true" duration-ms="13823" started-at="2020-02-10T14:23:20 BRT" finished-at="2020-02-10T14:23:34 BRT">
          <reporter-output>
          </reporter-output>
        </test-method> <!-- iniciaTeste -->
        <test-method status="PASS" signature="testeDeBuscaPorLupaSucesso()[pri:0, instance:br.com.rsinet.hub_tdd.testes.BuscaLupa@27a5f880]" name="testeDeBuscaPorLupaSucesso" duration-ms="6915" started-at="2020-02-10T14:23:34 BRT" finished-at="2020-02-10T14:23:41 BRT">
          <reporter-output>
          </reporter-output>
        </test-method> <!-- testeDeBuscaPorLupaSucesso -->
        <test-method status="PASS" signature="finalizaTeste(org.testng.ITestResult)[pri:0, instance:br.com.rsinet.hub_tdd.testes.BuscaLupa@27a5f880]" name="finalizaTeste" is-config="true" duration-ms="1926" started-at="2020-02-10T14:23:41 BRT" finished-at="2020-02-10T14:23:43 BRT">
          <params>
            <param index="0">
              <value>
                <![CDATA[[TestResult name=testeDeBuscaPorLupaSucesso status=SUCCESS method=BuscaLupa.testeDeBuscaPorLupaSucesso()[pri:0, instance:br.com.rsinet.hub_tdd.testes.BuscaLupa@27a5f880] output={null}]]]>
              </value>
            </param>
          </params>
          <reporter-output>
          </reporter-output>
        </test-method> <!-- finalizaTeste -->
        <test-method status="PASS" signature="finalizaExtendReport()[pri:0, instance:br.com.rsinet.hub_tdd.testes.BuscaLupa@27a5f880]" name="finalizaExtendReport" is-config="true" duration-ms="64" started-at="2020-02-10T14:24:52 BRT" finished-at="2020-02-10T14:24:52 BRT">
          <reporter-output>
          </reporter-output>
        </test-method> <!-- finalizaExtendReport -->
      </class> <!-- br.com.rsinet.hub_tdd.testes.BuscaLupa -->
    </test> <!-- Suite de testes para projeto de automação em TDD -->
  </suite> <!-- Teste de automação em TDD com TestNG -->
</testng-results>
